0 info it worked if it ends with ok
1 verbose cli [ 'node', '/usr/local/bin/npm', 'install' ]
2 info using npm@1.4.28
3 info using node@v0.10.33
4 warn package.json napp-npm@0.0.1 No repository field.
5 warn package.json napp-npm@0.0.1 No README data
6 verbose readDependencies using package.json deps
7 verbose install where, deps [ '/Users/duong/Projects/napp/napp-npm', [ 'requirejs' ] ]
8 info preinstall napp-npm@0.0.1
9 verbose readDependencies using package.json deps
10 verbose cache add [ 'requirejs@*', null ]
11 verbose cache add name=undefined spec="requirejs@*" args=["requirejs@*",null]
12 verbose parsed url { protocol: null,
12 verbose parsed url   slashes: null,
12 verbose parsed url   auth: null,
12 verbose parsed url   host: null,
12 verbose parsed url   port: null,
12 verbose parsed url   hostname: null,
12 verbose parsed url   hash: null,
12 verbose parsed url   search: null,
12 verbose parsed url   query: null,
12 verbose parsed url   pathname: 'requirejs@*',
12 verbose parsed url   path: 'requirejs@*',
12 verbose parsed url   href: 'requirejs@*' }
13 verbose cache add name="requirejs" spec="*" args=["requirejs","*"]
14 verbose parsed url { protocol: null,
14 verbose parsed url   slashes: null,
14 verbose parsed url   auth: null,
14 verbose parsed url   host: null,
14 verbose parsed url   port: null,
14 verbose parsed url   hostname: null,
14 verbose parsed url   hash: null,
14 verbose parsed url   search: null,
14 verbose parsed url   query: null,
14 verbose parsed url   pathname: '*',
14 verbose parsed url   path: '*',
14 verbose parsed url   href: '*' }
15 verbose addNamed [ 'requirejs', '*' ]
16 verbose addNamed [ null, '*' ]
17 silly lockFile 4fc70b96-requirejs requirejs@*
18 verbose lock requirejs@* /Users/duong/.npm/4fc70b96-requirejs.lock
19 silly addNameRange { name: 'requirejs', range: '*', hasData: false }
20 verbose request where is /requirejs
21 verbose request registry https://registry.npmjs.org/
22 verbose request id 04be81853ad17a49
23 verbose url raw /requirejs
24 verbose url resolving [ 'https://registry.npmjs.org/', './requirejs' ]
25 verbose url resolved https://registry.npmjs.org/requirejs
26 verbose request where is https://registry.npmjs.org/requirejs
27 info trying registry request attempt 1 at 21:05:45
28 verbose etag "BRAKXAXZ2JCATDQ72BV2I844N"
29 http GET https://registry.npmjs.org/requirejs
30 http 304 https://registry.npmjs.org/requirejs
31 silly registry.get cb [ 304,
31 silly registry.get   { date: 'Tue, 02 Dec 2014 05:05:45 GMT',
31 silly registry.get     server: 'Apache',
31 silly registry.get     via: '1.1 varnish',
31 silly registry.get     'last-modified': 'Tue, 02 Dec 2014 05:05:45 GMT',
31 silly registry.get     'cache-control': 'max-age=60',
31 silly registry.get     etag: '"BRAKXAXZ2JCATDQ72BV2I844N"',
31 silly registry.get     age: '0',
31 silly registry.get     'x-served-by': 'cache-lax1421-LAX',
31 silly registry.get     'x-cache': 'HIT',
31 silly registry.get     'x-cache-hits': '1',
31 silly registry.get     'x-timer': 'S1417496745.479566,VS0,VE0',
31 silly registry.get     vary: 'Accept',
31 silly registry.get     'content-length': '0',
31 silly registry.get     'keep-alive': 'timeout=10, max=50',
31 silly registry.get     connection: 'Keep-Alive' } ]
32 verbose etag https://registry.npmjs.org/requirejs from cache
33 silly addNameRange number 2 { name: 'requirejs', range: '*', hasData: true }
34 silly addNameRange versions [ 'requirejs',
34 silly addNameRange   [ '0.26.0',
34 silly addNameRange     '0.27.0',
34 silly addNameRange     '0.27.1',
34 silly addNameRange     '1.0.0',
34 silly addNameRange     '1.0.1',
34 silly addNameRange     '1.0.2',
34 silly addNameRange     '1.0.3',
34 silly addNameRange     '1.0.4',
34 silly addNameRange     '1.0.5',
34 silly addNameRange     '1.0.6',
34 silly addNameRange     '1.0.7',
34 silly addNameRange     '1.0.8',
34 silly addNameRange     '2.0.0',
34 silly addNameRange     '2.0.1',
34 silly addNameRange     '2.0.2',
34 silly addNameRange     '2.0.3',
34 silly addNameRange     '2.0.4',
34 silly addNameRange     '2.0.5',
34 silly addNameRange     '2.0.6',
34 silly addNameRange     '2.1.0',
34 silly addNameRange     '2.1.1',
34 silly addNameRange     '2.1.2',
34 silly addNameRange     '2.1.3',
34 silly addNameRange     '2.1.4',
34 silly addNameRange     '2.1.5',
34 silly addNameRange     '2.1.6',
34 silly addNameRange     '2.1.7',
34 silly addNameRange     '2.1.8',
34 silly addNameRange     '2.1.9',
34 silly addNameRange     '2.1.10',
34 silly addNameRange     '2.1.11',
34 silly addNameRange     '2.1.12',
34 silly addNameRange     '2.1.13',
34 silly addNameRange     '2.1.14',
34 silly addNameRange     '2.1.15' ] ]
35 verbose addNamed [ 'requirejs', '2.1.15' ]
36 verbose addNamed [ '2.1.15', '2.1.15' ]
37 silly lockFile 87818c58-requirejs-2-1-15 requirejs@2.1.15
38 verbose lock requirejs@2.1.15 /Users/duong/.npm/87818c58-requirejs-2-1-15.lock
39 silly lockFile 71b1f59b-g-requirejs-requirejs-2-1-15-tgz https://registry.npmjs.org/requirejs/-/requirejs-2.1.15.tgz
40 verbose lock https://registry.npmjs.org/requirejs/-/requirejs-2.1.15.tgz /Users/duong/.npm/71b1f59b-g-requirejs-requirejs-2-1-15-tgz.lock
41 verbose addRemoteTarball [ 'https://registry.npmjs.org/requirejs/-/requirejs-2.1.15.tgz',
41 verbose addRemoteTarball   'cbcfce55d584ae5983c00a20daa8eade37d18892' ]
42 info retry fetch attempt 1 at 21:05:45
43 verbose fetch to= /var/folders/7h/y53w9gj57mlbfvdczb02_xj80000gp/T/npm-737-E-ZDPvwy/registry.npmjs.org/requirejs/-/requirejs-2.1.15.tgz
44 http GET https://registry.npmjs.org/requirejs/-/requirejs-2.1.15.tgz
45 http 200 https://registry.npmjs.org/requirejs/-/requirejs-2.1.15.tgz
46 silly lockFile 71b1f59b-g-requirejs-requirejs-2-1-15-tgz https://registry.npmjs.org/requirejs/-/requirejs-2.1.15.tgz
47 silly lockFile 71b1f59b-g-requirejs-requirejs-2-1-15-tgz https://registry.npmjs.org/requirejs/-/requirejs-2.1.15.tgz
48 silly lockFile 87818c58-requirejs-2-1-15 requirejs@2.1.15
49 silly lockFile 87818c58-requirejs-2-1-15 requirejs@2.1.15
50 silly lockFile 4fc70b96-requirejs requirejs@*
51 silly lockFile 4fc70b96-requirejs requirejs@*
52 error Error: EACCES, mkdir '/Users/duong/.npm/requirejs/2.1.15'
52 error  { [Error: EACCES, mkdir '/Users/duong/.npm/requirejs/2.1.15']
52 error   errno: 3,
52 error   code: 'EACCES',
52 error   path: '/Users/duong/.npm/requirejs/2.1.15',
52 error   parent: 'napp-npm' }
53 error Please try running this command again as root/Administrator.
54 error System Darwin 14.0.0
55 error command "node" "/usr/local/bin/npm" "install"
56 error cwd /Users/duong/Projects/napp/napp-npm
57 error node -v v0.10.33
58 error npm -v 1.4.28
59 error path /Users/duong/.npm/requirejs/2.1.15
60 error code EACCES
61 error errno 3
62 error stack Error: EACCES, mkdir '/Users/duong/.npm/requirejs/2.1.15'
63 verbose exit [ 3, true ]
